<?xml version="1.0" encoding="UTF-8"?>
<!-- Generated by org.testng.reporters.JUnitReportReporter -->
<testsuite hostname="LAPTOP-TIRN7B77" name="com.prac1.element.WebTable2" tests="1" failures="0" timestamp="8 Apr 2022 18:17:36 GMT" time="6.402" errors="0">
  <testcase name="securityTable" time="6.402" classname="com.prac1.element.WebTable2"/>
</testsuite> <!-- com.prac1.element.WebTable2 -->
