<?xml version="1.0" encoding="UTF-8"?>
<!-- Generated by org.testng.reporters.JUnitReportReporter -->
<testsuite hostname="LAPTOP-TIRN7B77" name="com.prac1.element.ExtentRep2" tests="1" failures="0" timestamp="13 Apr 2022 21:03:45 GMT" time="5.854" errors="0">
  <testcase name="extentRepSrc" time="5.854" classname="com.prac1.element.ExtentRep2"/>
</testsuite> <!-- com.prac1.element.ExtentRep2 -->
