<?xml version="1.0" encoding="UTF-8"?>
<!-- Generated by org.testng.reporters.JUnitReportReporter -->
<testsuite hostname="LAPTOP-TIRN7B77" name="com.prac1.element.IFrames" tests="2" failures="0" timestamp="13 Apr 2022 20:15:23 GMT" time="8.221" errors="0">
  <testcase name="iframeTest" time="7.615" classname="com.prac1.element.IFrames"/>
  <testcase name="extRep" time="0.606" classname="com.prac1.element.IFrames"/>
</testsuite> <!-- com.prac1.element.IFrames -->
